<?xml version="1.0" encoding="UTF-8"?>
<!-- Generated by org.testng.reporters.JUnitReportReporter -->
<testsuite skipped="0" hostname="Admins-MacBook-Pro-2.local" name="testNG.Anotations" tests="1" failures="0" timestamp="05 Oct 2019 05:07:22 GMT" time="0.013" errors="0">
  <testcase name="test" time="0.013" classname="testNG.Anotations"/>
</testsuite> <!-- testNG.Anotations -->
